<?xml version="1.0" encoding="UTF-8" ?>
<testsuite tests="1" failures="0" name="util.SendMailTLSTest" time="3.892" errors="1" skipped="0">
  <properties>
    <property name="java.runtime.name" value="Java(TM) SE Runtime Environment"/>
    <property name="sun.boot.library.path" value="H:\Apps\Java\jdk1.8.0_102\jre\bin"/>
    <property name="java.vm.version" value="25.102-b14"/>
    <property name="java.vm.vendor" value="Oracle Corporation"/>
    <property name="java.vendor.url" value="http://java.oracle.com/"/>
    <property name="path.separator" value=";"/>
    <property name="guice.disable.misplaced.annotation.check" value="true"/>
    <property name="java.vm.name" value="Java HotSpot(TM) 64-Bit Server VM"/>
    <property name="file.encoding.pkg" value="sun.io"/>
    <property name="user.script" value=""/>
    <property name="user.country" value="CH"/>
    <property name="sun.java.launcher" value="SUN_STANDARD"/>
    <property name="sun.os.patch.level" value=""/>
    <property name="java.vm.specification.name" value="Java Virtual Machine Specification"/>
    <property name="user.dir" value="H:\DATEN\IntelliJ-Projekte\VaadinS4"/>
    <property name="java.runtime.version" value="1.8.0_102-b14"/>
    <property name="java.awt.graphicsenv" value="sun.awt.Win32GraphicsEnvironment"/>
    <property name="java.endorsed.dirs" value="H:\Apps\Java\jdk1.8.0_102\jre\lib\endorsed"/>
    <property name="os.arch" value="amd64"/>
    <property name="java.io.tmpdir" value="H:\Temp\"/>
    <property name="line.separator" value="
"/>
    <property name="java.vm.specification.vendor" value="Oracle Corporation"/>
    <property name="user.variant" value=""/>
    <property name="os.name" value="Windows 10"/>
    <property name="classworlds.conf" value="H:\Apps\Maven3\bin\m2.conf"/>
    <property name="sun.jnu.encoding" value="Cp1252"/>
    <property name="java.library.path" value="H:\Apps\Java\jdk1.8.0_102\bin;C:\WINDOWS\Sun\Java\bin;C:\WINDOWS\system32;C:\WINDOWS;C:\ProgramData\Oracle\Java\javapath;C:\Program Files (x86)\NVIDIA Corporation\PhysX\Common;c:\Program Files (x86)\Intel\iCLS Client\;c:\Program Files\Intel\iCLS Client\;C:\WINDOWS\system32;C:\WINDOWS;C:\WINDOWS\System32\Wbem;C:\WINDOWS\System32\WindowsPowerShell\v1.0\;C:\Program Files\Intel\Intel(R) Management Engine Components\DAL;C:\Program Files\Intel\Intel(R) Management Engine Components\IPT;C:\Program Files (x86)\Intel\Intel(R) Management Engine Components\DAL;C:\Program Files (x86)\Intel\Intel(R) Management Engine Components\IPT;C:\Program Files (x86)\Windows Live\Shared;C:\Program Files (x86)\Common Files\Acronis\SnapAPI\;H:\Apps\Git\cmd;C:\Program Files\Microsoft SQL Server\110\Tools\Binn\;C:\Program Files\Microsoft SQL Server\120\Tools\Binn\;C:\Program Files (x86)\Microsoft SDKs\TypeScript\1.0\;C:\Apps\SlikSvn\bin;H:\Apps\apache-ant-1.9.6\bin;C:\Program Files\SourceGear\Common\DiffMerge\;H:\Apps\Java\jdk1.8.0_102\bin;H:\Apps\Maven3\bin;C:\Program Files (x86)\IDM Computer Solutions\UltraEdit\;H:\Apps\XAMPP\apache-tomcat-8.0.14\bin;H:\apps\xampp\php;H:\Apps\apache-ant-1.9.6\bin;C:\Users\user\AppData\Local\Microsoft\WindowsApps;."/>
    <property name="java.specification.name" value="Java Platform API Specification"/>
    <property name="java.class.version" value="52.0"/>
    <property name="sun.management.compiler" value="HotSpot 64-Bit Tiered Compilers"/>
    <property name="os.version" value="10.0"/>
    <property name="user.home" value="C:\Users\user"/>
    <property name="user.timezone" value="Europe/Paris"/>
    <property name="java.awt.printerjob" value="sun.awt.windows.WPrinterJob"/>
    <property name="java.specification.version" value="1.8"/>
    <property name="file.encoding" value="Cp1252"/>
    <property name="user.name" value="user"/>
    <property name="java.class.path" value="H:\Apps\Maven3\boot\plexus-classworlds-2.5.1.jar"/>
    <property name="java.vm.specification.version" value="1.8"/>
    <property name="sun.arch.data.model" value="64"/>
    <property name="java.home" value="H:\Apps\Java\jdk1.8.0_102\jre"/>
    <property name="sun.java.command" value="org.codehaus.plexus.classworlds.launcher.Launcher install"/>
    <property name="java.specification.vendor" value="Oracle Corporation"/>
    <property name="user.language" value="de"/>
    <property name="awt.toolkit" value="sun.awt.windows.WToolkit"/>
    <property name="java.vm.info" value="mixed mode"/>
    <property name="java.version" value="1.8.0_102"/>
    <property name="java.ext.dirs" value="H:\Apps\Java\jdk1.8.0_102\jre\lib\ext;C:\WINDOWS\Sun\Java\lib\ext"/>
    <property name="sun.boot.class.path" value="H:\Apps\Java\jdk1.8.0_102\jre\lib\resources.jar;H:\Apps\Java\jdk1.8.0_102\jre\lib\rt.jar;H:\Apps\Java\jdk1.8.0_102\jre\lib\sunrsasign.jar;H:\Apps\Java\jdk1.8.0_102\jre\lib\jsse.jar;H:\Apps\Java\jdk1.8.0_102\jre\lib\jce.jar;H:\Apps\Java\jdk1.8.0_102\jre\lib\charsets.jar;H:\Apps\Java\jdk1.8.0_102\jre\lib\jfr.jar;H:\Apps\Java\jdk1.8.0_102\jre\classes"/>
    <property name="sun.stderr.encoding" value="cp850"/>
    <property name="java.vendor" value="Oracle Corporation"/>
    <property name="maven.home" value="H:\Apps\Maven3"/>
    <property name="file.separator" value="\"/>
    <property name="java.vendor.url.bug" value="http://bugreport.sun.com/bugreport/"/>
    <property name="sun.cpu.endian" value="little"/>
    <property name="sun.io.unicode.encoding" value="UnicodeLittle"/>
    <property name="sun.stdout.encoding" value="cp850"/>
    <property name="sun.desktop" value="windows"/>
    <property name="sun.cpu.isalist" value="amd64"/>
  </properties>
  <testcase classname="util.SendMailTLSTest" name="testSend" time="3.892">
    <error message="javax.mail.AuthenticationFailedException: 535 Incorrect authentication data
" type="java.lang.RuntimeException">java.lang.RuntimeException: javax.mail.AuthenticationFailedException: 535 Incorrect authentication data

	at util.SendMailUnverschluesselt.send(SendMailUnverschluesselt.java:65)
	at util.SendMailTLSTest.testSend(SendMailTLSTest.java:14)
Caused by: javax.mail.AuthenticationFailedException: 535 Incorrect authentication data

	at com.sun.mail.smtp.SMTPTransport$Authenticator.authenticate(SMTPTransport.java:932)
	at com.sun.mail.smtp.SMTPTransport.authenticate(SMTPTransport.java:843)
	at com.sun.mail.smtp.SMTPTransport.protocolConnect(SMTPTransport.java:748)
	at javax.mail.Service.connect(Service.java:388)
	at javax.mail.Service.connect(Service.java:246)
	at javax.mail.Service.connect(Service.java:195)
	at javax.mail.Transport.send0(Transport.java:254)
	at javax.mail.Transport.send(Transport.java:124)
	at util.SendMailUnverschluesselt.send(SendMailUnverschluesselt.java:61)
	... 29 more
</error>
    <system-out>DEBUG: setDebug: JavaMail version 1.5.6
Session: javax.mail.Session@13805618
Message: [Ljavax.mail.internet.InternetAddress;@eec5a4a
DEBUG: getProvider() returning javax.mail.Provider[TRANSPORT,smtp,com.sun.mail.smtp.SMTPTransport,Oracle]
DEBUG SMTP: need username and password for authentication
DEBUG SMTP: protocolConnect returning false, host=mail.bobtheboulder.com, user=user, password=&lt;null&gt;
DEBUG SMTP: useEhlo true, useAuth true
DEBUG SMTP: trying to connect to host &quot;mail.bobtheboulder.com&quot;, port 25, isSSL false
220-gator3095.hostgator.com ESMTP Exim 4.87 #1 Mon, 28 Nov 2016 14:32:16 -0600 
220-We do not authorize the use of this system to transport unsolicited, 
220 and/or bulk e-mail.
DEBUG SMTP: connected to host &quot;mail.bobtheboulder.com&quot;, port: 25

EHLO HP.fritz.box
250-gator3095.hostgator.com Hello 89-248-146-42.dynamic.modem.fl1.li [89.248.146.42]
250-SIZE 52428800
250-8BITMIME
250-PIPELINING
250-AUTH PLAIN LOGIN
250-STARTTLS
250 HELP
DEBUG SMTP: Found extension &quot;SIZE&quot;, arg &quot;52428800&quot;
DEBUG SMTP: Found extension &quot;8BITMIME&quot;, arg &quot;&quot;
DEBUG SMTP: Found extension &quot;PIPELINING&quot;, arg &quot;&quot;
DEBUG SMTP: Found extension &quot;AUTH&quot;, arg &quot;PLAIN LOGIN&quot;
DEBUG SMTP: Found extension &quot;STARTTLS&quot;, arg &quot;&quot;
DEBUG SMTP: Found extension &quot;HELP&quot;, arg &quot;&quot;
DEBUG SMTP: protocolConnect login, host=mail.bobtheboulder.com, user=server@bobtheboulder.com, password=&lt;non-null&gt;
DEBUG SMTP: Attempt to authenticate using mechanisms: LOGIN PLAIN DIGEST-MD5 NTLM XOAUTH2 
DEBUG SMTP: Using mechanism LOGIN
DEBUG SMTP: AUTH LOGIN command trace suppressed
DEBUG SMTP: AUTH LOGIN failed
</system-out>
  </testcase>
</testsuite>